<?xml version="1.0" encoding="UTF-8"?>
<!-- Generated by org.testng.reporters.JUnitReportReporter -->
<testsuite hostname="DESKTOP-AECOP8J" failures="0" tests="1" name="test.BataLoginTest" time="14.799" errors="0" timestamp="2022-10-23T17:10:03 IST" skipped="0">
  <testcase classname="test.BataLoginTest" name="test" time="14.799"/>
  <system-out/>
</testsuite> <!-- test.BataLoginTest -->
